<?xml version="1.0" encoding="UTF-8"?>
<!-- Generated by org.testng.reporters.JUnitXMLReporter -->
<testsuite ignored="0" hostname="LAPTOP-2U3258KH" failures="0" tests="3" name="EdgeTest" time="0.102" errors="0" timestamp="2024-10-10T10:07:22 IST">
  <testcase classname="com_parallel_testing.Luma_Login" name="loginFunctionality" time="0.0">
    <skipped/>
  </testcase> <!-- loginFunctionality -->
  <testcase classname="com_parallel_testing.Luma_Login" name="logoutFunctionality" time="0.0">
    <skipped/>
  </testcase> <!-- logoutFunctionality -->
  <testcase classname="com_parallel_testing.Luma_Login" name="reloginFunctionality" time="0.0">
    <skipped/>
  </testcase> <!-- reloginFunctionality -->
</testsuite> <!-- EdgeTest -->
